<?xml version="1.0" encoding="UTF-8"?>
<!-- Generated by org.testng.reporters.JUnitReportReporter -->
<testsuite skipped="0" hostname="LAPTOP-VERJL3NI" name="TestNGSessions.HomePageTest" tests="1" failures="0" timestamp="21 May 2020 21:00:58 GMT" time="0.003" errors="0">
  <testcase name="verifyHomePageTitleTest" time="0.003" classname="TestNGSessions.HomePageTest"/>
</testsuite> <!-- TestNGSessions.HomePageTest -->
