<?xml version="1.0" encoding="UTF-8"?>
<!-- Generated by org.testng.reporters.JUnitReportReporter -->
<testsuite skipped="0" hostname="LAPTOP-VERJL3NI" name="TestNGSessions.TestNgAnnotations" tests="2" failures="0" timestamp="18 May 2020 20:12:31 GMT" time="0.004" errors="0">
  <testcase name="verifyloggedinTest" time="0.001" classname="TestNGSessions.TestNgAnnotations"/>
  <testcase name="verifyTitleTest" time="0.003" classname="TestNGSessions.TestNgAnnotations"/>
</testsuite> <!-- TestNGSessions.TestNgAnnotations -->
