<?xml version="1.0" encoding="UTF-8"?>
<!-- Generated by org.testng.reporters.JUnitReportReporter -->
<testsuite skipped="1" hostname="LAPTOP-VERJL3NI" name="TestNGSessions.DisableTest" tests="4" failures="0" timestamp="19 May 2020 20:24:37 GMT" time="0.035" errors="0">
  <testcase name="test4" time="0.006" classname="TestNGSessions.DisableTest"/>
  <testcase name="test3" time="0.015" classname="TestNGSessions.DisableTest"/>
  <testcase name="test1" time="0.014" classname="TestNGSessions.DisableTest"/>
  <testcase name="test2" classname="TestNGSessions.DisableTest">
    <skipped/>
  </testcase> <!-- test2 -->
</testsuite> <!-- TestNGSessions.DisableTest -->
