<?xml version="1.0" encoding="UTF-8"?>
<!-- Generated by org.testng.reporters.JUnitReportReporter -->
<testsuite skipped="0" hostname="LAPTOP-VERJL3NI" name="TestNGSessions.LoginPageTest" tests="3" failures="0" timestamp="21 May 2020 21:55:00 GMT" time="6.747" errors="0">
  <testcase name="verifySignUpLinkTest" time="5.769" classname="TestNGSessions.LoginPageTest"/>
  <testcase name="verifyLoginPageTitleTest" time="0.024" classname="TestNGSessions.LoginPageTest"/>
  <testcase name="loginTest" time="0.954" classname="TestNGSessions.LoginPageTest"/>
</testsuite> <!-- TestNGSessions.LoginPageTest -->
